[Fri, 14 Feb 2014 09:25:51] UserLoader.py[line:63] DEBUG The truth value of an array with more than one element is ambiguous. Use a.any() or a.all()
[Fri, 14 Feb 2014 09:25:51] UserLoader.py[line:64] ERROR 加载文件: ./experiment/user.csv 失败. The truth value of an array with more than one element is ambiguous. Use a.any() or a.all()
[Fri, 14 Feb 2014 09:26:37] UserLoader.py[line:63] DEBUG The truth value of an array with more than one element is ambiguous. Use a.any() or a.all()
[Fri, 14 Feb 2014 09:26:37] UserLoader.py[line:64] ERROR 加载文件: ./experiment/user.csv 失败. The truth value of an array with more than one element is ambiguous. Use a.any() or a.all()
[Fri, 14 Feb 2014 09:27:01] UserLoader.py[line:63] DEBUG The truth value of an array with more than one element is ambiguous. Use a.any() or a.all()
[Fri, 14 Feb 2014 09:27:01] UserLoader.py[line:64] ERROR 加载文件: ./experiment/user.csv 失败. The truth value of an array with more than one element is ambiguous. Use a.any() or a.all()
[Fri, 14 Feb 2014 09:27:02] ADValidate.py[line:120] INFO sAMAccountName=lxhadmin
[Fri, 14 Feb 2014 09:27:02] ADValidate.py[line:121] INFO DC=testlxh,DC=com
[Fri, 14 Feb 2014 09:39:37] UserLoader.py[line:63] DEBUG The truth value of an array with more than one element is ambiguous. Use a.any() or a.all()
[Fri, 14 Feb 2014 09:39:37] UserLoader.py[line:64] ERROR 加载文件: ./experiment/user.csv 失败. The truth value of an array with more than one element is ambiguous. Use a.any() or a.all()
[Fri, 14 Feb 2014 09:39:38] ADValidate.py[line:120] INFO sAMAccountName=lxhadmin
[Fri, 14 Feb 2014 09:39:38] ADValidate.py[line:121] INFO DC=testlxh,DC=com
[Fri, 14 Feb 2014 09:39:38] ADValidate.py[line:94] ERROR lxhadmin用户名不正确，认证过程失败
[Fri, 14 Feb 2014 09:40:14] UserLoader.py[line:63] DEBUG The truth value of an array with more than one element is ambiguous. Use a.any() or a.all()
[Fri, 14 Feb 2014 09:40:14] UserLoader.py[line:64] ERROR 加载文件: ./experiment/user.csv 失败. The truth value of an array with more than one element is ambiguous. Use a.any() or a.all()
[Fri, 14 Feb 2014 09:41:41] UserLoader.py[line:63] DEBUG The truth value of an array with more than one element is ambiguous. Use a.any() or a.all()
[Fri, 14 Feb 2014 09:41:41] UserLoader.py[line:64] ERROR 加载文件: ./experiment/user.csv 失败. The truth value of an array with more than one element is ambiguous. Use a.any() or a.all()
[Fri, 14 Feb 2014 09:45:44] UserLoader.py[line:63] DEBUG The truth value of an array with more than one element is ambiguous. Use a.any() or a.all()
[Fri, 14 Feb 2014 09:45:44] UserLoader.py[line:64] ERROR 加载文件: ./experiment/user.csv 失败. The truth value of an array with more than one element is ambiguous. Use a.any() or a.all()
[Fri, 14 Feb 2014 09:45:45] ADValidate.py[line:120] INFO sAMAccountName=lxhadmin
[Fri, 14 Feb 2014 09:45:45] ADValidate.py[line:121] INFO DC=testlxh,DC=com
[Fri, 14 Feb 2014 09:45:45] ADValidate.py[line:129] ERROR 此用户不存在
[Fri, 14 Feb 2014 09:45:45] ADValidate.py[line:94] ERROR lxhadmin用户名不正确，认证过程失败
[Fri, 14 Feb 2014 14:02:48] UserLoader.py[line:63] DEBUG The truth value of an array with more than one element is ambiguous. Use a.any() or a.all()
[Fri, 14 Feb 2014 14:02:48] UserLoader.py[line:64] ERROR 加载文件: ./experiment/user.csv 失败. The truth value of an array with more than one element is ambiguous. Use a.any() or a.all()
[Fri, 14 Feb 2014 14:02:49] ADValidate.py[line:120] INFO sAMAccountName=lxhadmin
[Fri, 14 Feb 2014 14:02:49] ADValidate.py[line:121] INFO DC=testlxh,DC=com
[Fri, 14 Feb 2014 14:02:49] ADValidate.py[line:129] ERROR 此用户不存在
[Fri, 14 Feb 2014 14:02:49] ADValidate.py[line:94] ERROR lxhadmin用户名不正确，认证过程失败
[Fri, 14 Feb 2014 14:03:42] UserLoader.py[line:63] DEBUG The truth value of an array with more than one element is ambiguous. Use a.any() or a.all()
[Fri, 14 Feb 2014 14:03:42] UserLoader.py[line:64] ERROR 加载文件: ./experiment/user.csv 失败. The truth value of an array with more than one element is ambiguous. Use a.any() or a.all()
[Fri, 14 Feb 2014 14:03:43] ADValidate.py[line:122] INFO sAMAccountName=lxhadmin
[Fri, 14 Feb 2014 14:03:43] ADValidate.py[line:123] INFO DC=testlxh,DC=com
[Fri, 14 Feb 2014 14:03:43] ADValidate.py[line:131] ERROR 此用户不存在
[Fri, 14 Feb 2014 14:06:20] UserLoader.py[line:63] DEBUG The truth value of an array with more than one element is ambiguous. Use a.any() or a.all()
[Fri, 14 Feb 2014 14:06:20] UserLoader.py[line:64] ERROR 加载文件: ./experiment/user.csv 失败. The truth value of an array with more than one element is ambiguous. Use a.any() or a.all()
[Fri, 14 Feb 2014 14:06:21] ADValidate.py[line:122] INFO sAMAccountName=lxhadmin
[Fri, 14 Feb 2014 14:06:21] ADValidate.py[line:123] INFO DC=testlxh,DC=com
[Fri, 14 Feb 2014 14:06:21] ADValidate.py[line:131] ERROR 此用户不存在
[Fri, 14 Feb 2014 14:09:40] UserLoader.py[line:63] DEBUG The truth value of an array with more than one element is ambiguous. Use a.any() or a.all()
[Fri, 14 Feb 2014 14:09:40] UserLoader.py[line:64] ERROR 加载文件: ./experiment/user.csv 失败. The truth value of an array with more than one element is ambiguous. Use a.any() or a.all()
[Fri, 14 Feb 2014 14:10:21] UserLoader.py[line:63] DEBUG The truth value of an array with more than one element is ambiguous. Use a.any() or a.all()
[Fri, 14 Feb 2014 14:10:21] UserLoader.py[line:64] ERROR 加载文件: ./experiment/user.csv 失败. The truth value of an array with more than one element is ambiguous. Use a.any() or a.all()
[Fri, 14 Feb 2014 14:10:47] UserLoader.py[line:63] DEBUG The truth value of an array with more than one element is ambiguous. Use a.any() or a.all()
[Fri, 14 Feb 2014 14:10:47] UserLoader.py[line:64] ERROR 加载文件: ./experiment/user.csv 失败. The truth value of an array with more than one element is ambiguous. Use a.any() or a.all()
[Fri, 14 Feb 2014 14:11:33] UserLoader.py[line:63] DEBUG The truth value of an array with more than one element is ambiguous. Use a.any() or a.all()
[Fri, 14 Feb 2014 14:11:33] UserLoader.py[line:64] ERROR 加载文件: ./experiment/user.csv 失败. The truth value of an array with more than one element is ambiguous. Use a.any() or a.all()
[Fri, 14 Feb 2014 14:11:33] ADValidate.py[line:167] INFO 'NoneType' object has no attribute 'search_s'
[Fri, 14 Feb 2014 14:11:33] ADValidate.py[line:168] ERROR bind error
[Fri, 14 Feb 2014 14:11:47] UserLoader.py[line:63] DEBUG The truth value of an array with more than one element is ambiguous. Use a.any() or a.all()
[Fri, 14 Feb 2014 14:11:47] UserLoader.py[line:64] ERROR 加载文件: ./experiment/user.csv 失败. The truth value of an array with more than one element is ambiguous. Use a.any() or a.all()
[Fri, 14 Feb 2014 14:11:47] ADValidate.py[line:167] INFO 'NoneType' object has no attribute 'search_s'
[Fri, 14 Feb 2014 14:11:47] ADValidate.py[line:168] ERROR bind error
[Fri, 14 Feb 2014 14:12:06] UserLoader.py[line:63] DEBUG The truth value of an array with more than one element is ambiguous. Use a.any() or a.all()
[Fri, 14 Feb 2014 14:12:06] UserLoader.py[line:64] ERROR 加载文件: ./experiment/user.csv 失败. The truth value of an array with more than one element is ambiguous. Use a.any() or a.all()
[Fri, 14 Feb 2014 14:12:06] ADValidate.py[line:167] INFO {'info': '00002024: LdapErr: DSID-0C060598, comment: No other operations may be performed on the connection while a bind is outstanding., data 0, v1db1', 'desc': 'Server is busy'}
[Fri, 14 Feb 2014 14:12:06] ADValidate.py[line:168] ERROR bind error
[Fri, 14 Feb 2014 14:12:13] UserLoader.py[line:63] DEBUG The truth value of an array with more than one element is ambiguous. Use a.any() or a.all()
[Fri, 14 Feb 2014 14:12:13] UserLoader.py[line:64] ERROR 加载文件: ./experiment/user.csv 失败. The truth value of an array with more than one element is ambiguous. Use a.any() or a.all()
[Fri, 14 Feb 2014 14:12:13] ADValidate.py[line:167] INFO {'info': '000004DC: LdapErr: DSID-0C0906E8, comment: In order to perform this operation a successful bind must be completed on the connection., data 0, v1db1', 'desc': 'Operations error'}
[Fri, 14 Feb 2014 14:12:13] ADValidate.py[line:168] ERROR bind error
[Fri, 14 Feb 2014 14:13:06] UserLoader.py[line:63] DEBUG The truth value of an array with more than one element is ambiguous. Use a.any() or a.all()
[Fri, 14 Feb 2014 14:13:06] UserLoader.py[line:64] ERROR 加载文件: ./experiment/user.csv 失败. The truth value of an array with more than one element is ambiguous. Use a.any() or a.all()
[Fri, 14 Feb 2014 14:13:06] ADValidate.py[line:168] INFO {'info': '00002024: LdapErr: DSID-0C060598, comment: No other operations may be performed on the connection while a bind is outstanding., data 0, v1db1', 'desc': 'Server is busy'}
[Fri, 14 Feb 2014 14:13:06] ADValidate.py[line:169] ERROR bind error
